1780739753.763415 client started (34267): version 3.6b, socket /tmp/tmux-1000/default, protocol 8
1780739753.763434 on Linux 7.0.10-arch1-1 #1 SMP PREEMPT_DYNAMIC Sat, 23 May 2026 14:21:20 +0000
1780739753.763436 using libevent 2.1.12-stable poll
1780739753.763438 using ncurses 6.6 20251230
1780739753.763451 flags are 0x18010000
1780739753.763457 socket is /tmp/tmux-1000/default
1780739753.763465 trying connect
1780739753.763484 add peer 0x5644a9d7a700: 10 ((nil))
1780739753.763673 sending message 111 to peer 0x5644a9d7a700 (8 bytes)
1780739753.763678 sending message 111 to peer 0x5644a9d7a700 (8 bytes)
1780739753.763679 sending message 101 to peer 0x5644a9d7a700 (10 bytes)
1780739753.763681 sending message 109 to peer 0x5644a9d7a700 (4 bytes)
1780739753.763682 sending message 102 to peer 0x5644a9d7a700 (11 bytes)
1780739753.763684 sending message 108 to peer 0x5644a9d7a700 (23 bytes)
1780739753.763685 sending message 112 to peer 0x5644a9d7a700 (58 bytes)
1780739753.763687 sending message 112 to peer 0x5644a9d7a700 (5 bytes)
1780739753.763688 sending message 112 to peer 0x5644a9d7a700 (5 bytes)
1780739753.763690 sending message 112 to peer 0x5644a9d7a700 (6 bytes)
1780739753.763691 sending message 112 to peer 0x5644a9d7a700 (6 bytes)
1780739753.763693 sending message 112 to peer 0x5644a9d7a700 (11 bytes)
1780739753.763694 sending message 112 to peer 0x5644a9d7a700 (10 bytes)
1780739753.763696 sending message 112 to peer 0x5644a9d7a700 (13 bytes)
1780739753.763697 sending message 112 to peer 0x5644a9d7a700 (14 bytes)
1780739753.763699 sending message 112 to peer 0x5644a9d7a700 (19 bytes)
1780739753.763700 sending message 112 to peer 0x5644a9d7a700 (11 bytes)
1780739753.763702 sending message 112 to peer 0x5644a9d7a700 (10 bytes)
1780739753.763703 sending message 112 to peer 0x5644a9d7a700 (15 bytes)
1780739753.763705 sending message 112 to peer 0x5644a9d7a700 (21 bytes)
1780739753.763706 sending message 112 to peer 0x5644a9d7a700 (13 bytes)
1780739753.763708 sending message 112 to peer 0x5644a9d7a700 (7 bytes)
1780739753.763709 sending message 112 to peer 0x5644a9d7a700 (13 bytes)
1780739753.763711 sending message 112 to peer 0x5644a9d7a700 (7 bytes)
1780739753.763712 sending message 112 to peer 0x5644a9d7a700 (13 bytes)
1780739753.763714 sending message 112 to peer 0x5644a9d7a700 (9 bytes)
1780739753.763715 sending message 112 to peer 0x5644a9d7a700 (21 bytes)
1780739753.763717 sending message 112 to peer 0x5644a9d7a700 (13 bytes)
1780739753.763718 sending message 112 to peer 0x5644a9d7a700 (9 bytes)
1780739753.763720 sending message 112 to peer 0x5644a9d7a700 (16 bytes)
1780739753.763721 sending message 112 to peer 0x5644a9d7a700 (13 bytes)
1780739753.763723 sending message 112 to peer 0x5644a9d7a700 (9 bytes)
1780739753.763725 sending message 112 to peer 0x5644a9d7a700 (9 bytes)
1780739753.763726 sending message 112 to peer 0x5644a9d7a700 (12 bytes)
1780739753.763728 sending message 112 to peer 0x5644a9d7a700 (8 bytes)
1780739753.763729 sending message 112 to peer 0x5644a9d7a700 (8 bytes)
1780739753.763730 sending message 112 to peer 0x5644a9d7a700 (13 bytes)
1780739753.763732 sending message 112 to peer 0x5644a9d7a700 (7 bytes)
1780739753.763733 sending message 112 to peer 0x5644a9d7a700 (7 bytes)
1780739753.763735 sending message 112 to peer 0x5644a9d7a700 (9 bytes)
1780739753.763736 sending message 112 to peer 0x5644a9d7a700 (6 bytes)
1780739753.763738 sending message 112 to peer 0x5644a9d7a700 (9 bytes)
1780739753.763739 sending message 112 to peer 0x5644a9d7a700 (15 bytes)
1780739753.763741 sending message 112 to peer 0x5644a9d7a700 (13 bytes)
1780739753.763742 sending message 112 to peer 0x5644a9d7a700 (12 bytes)
1780739753.763744 sending message 112 to peer 0x5644a9d7a700 (8 bytes)
1780739753.763745 sending message 112 to peer 0x5644a9d7a700 (14 bytes)
1780739753.763747 sending message 112 to peer 0x5644a9d7a700 (11 bytes)
1780739753.763748 sending message 112 to peer 0x5644a9d7a700 (9 bytes)
1780739753.763750 sending message 112 to peer 0x5644a9d7a700 (10 bytes)
1780739753.763751 sending message 112 to peer 0x5644a9d7a700 (10 bytes)
1780739753.763757 sending message 112 to peer 0x5644a9d7a700 (10 bytes)
1780739753.763759 sending message 112 to peer 0x5644a9d7a700 (10 bytes)
1780739753.763760 sending message 112 to peer 0x5644a9d7a700 (11 bytes)
1780739753.763762 sending message 112 to peer 0x5644a9d7a700 (12 bytes)
1780739753.763763 sending message 112 to peer 0x5644a9d7a700 (12 bytes)
1780739753.763765 sending message 112 to peer 0x5644a9d7a700 (12 bytes)
1780739753.763767 sending message 112 to peer 0x5644a9d7a700 (12 bytes)
1780739753.763768 sending message 112 to peer 0x5644a9d7a700 (12 bytes)
1780739753.763769 sending message 112 to peer 0x5644a9d7a700 (11 bytes)
1780739753.763771 sending message 112 to peer 0x5644a9d7a700 (11 bytes)
1780739753.763772 sending message 112 to peer 0x5644a9d7a700 (12 bytes)
1780739753.763774 sending message 112 to peer 0x5644a9d7a700 (12 bytes)
1780739753.763776 sending message 112 to peer 0x5644a9d7a700 (12 bytes)
1780739753.763777 sending message 112 to peer 0x5644a9d7a700 (12 bytes)
1780739753.763779 sending message 112 to peer 0x5644a9d7a700 (12 bytes)
1780739753.763780 sending message 112 to peer 0x5644a9d7a700 (9 bytes)
1780739753.763781 sending message 112 to peer 0x5644a9d7a700 (12 bytes)
1780739753.763783 sending message 112 to peer 0x5644a9d7a700 (13 bytes)
1780739753.763784 sending message 112 to peer 0x5644a9d7a700 (13 bytes)
1780739753.763786 sending message 112 to peer 0x5644a9d7a700 (13 bytes)
1780739753.763787 sending message 112 to peer 0x5644a9d7a700 (13 bytes)
1780739753.763789 sending message 112 to peer 0x5644a9d7a700 (13 bytes)
1780739753.763790 sending message 112 to peer 0x5644a9d7a700 (8 bytes)
1780739753.763792 sending message 112 to peer 0x5644a9d7a700 (11 bytes)
1780739753.763793 sending message 112 to peer 0x5644a9d7a700 (11 bytes)
1780739753.763795 sending message 112 to peer 0x5644a9d7a700 (11 bytes)
1780739753.763796 sending message 112 to peer 0x5644a9d7a700 (12 bytes)
1780739753.763798 sending message 112 to peer 0x5644a9d7a700 (12 bytes)
1780739753.763799 sending message 112 to peer 0x5644a9d7a700 (12 bytes)
1780739753.763801 sending message 112 to peer 0x5644a9d7a700 (12 bytes)
1780739753.763802 sending message 112 to peer 0x5644a9d7a700 (13 bytes)
1780739753.763804 sending message 112 to peer 0x5644a9d7a700 (13 bytes)
1780739753.763805 sending message 112 to peer 0x5644a9d7a700 (13 bytes)
1780739753.763807 sending message 112 to peer 0x5644a9d7a700 (8 bytes)
1780739753.763809 sending message 112 to peer 0x5644a9d7a700 (13 bytes)
1780739753.763810 sending message 112 to peer 0x5644a9d7a700 (13 bytes)
1780739753.763811 sending message 112 to peer 0x5644a9d7a700 (13 bytes)
1780739753.763813 sending message 112 to peer 0x5644a9d7a700 (13 bytes)
1780739753.763814 sending message 112 to peer 0x5644a9d7a700 (13 bytes)
1780739753.763816 sending message 112 to peer 0x5644a9d7a700 (12 bytes)
1780739753.763818 sending message 112 to peer 0x5644a9d7a700 (12 bytes)
1780739753.763819 sending message 112 to peer 0x5644a9d7a700 (12 bytes)
1780739753.763821 sending message 112 to peer 0x5644a9d7a700 (12 bytes)
1780739753.763822 sending message 112 to peer 0x5644a9d7a700 (13 bytes)
1780739753.763824 sending message 112 to peer 0x5644a9d7a700 (8 bytes)
1780739753.763825 sending message 112 to peer 0x5644a9d7a700 (13 bytes)
1780739753.763826 sending message 112 to peer 0x5644a9d7a700 (13 bytes)
1780739753.763828 sending message 112 to peer 0x5644a9d7a700 (13 bytes)
1780739753.763829 sending message 112 to peer 0x5644a9d7a700 (13 bytes)
1780739753.763831 sending message 112 to peer 0x5644a9d7a700 (13 bytes)
1780739753.763832 sending message 112 to peer 0x5644a9d7a700 (13 bytes)
1780739753.763834 sending message 112 to peer 0x5644a9d7a700 (13 bytes)
1780739753.763835 sending message 112 to peer 0x5644a9d7a700 (12 bytes)
1780739753.763837 sending message 112 to peer 0x5644a9d7a700 (12 bytes)
1780739753.763838 sending message 112 to peer 0x5644a9d7a700 (12 bytes)
1780739753.763840 sending message 112 to peer 0x5644a9d7a700 (8 bytes)
1780739753.763841 sending message 112 to peer 0x5644a9d7a700 (12 bytes)
1780739753.763844 sending message 112 to peer 0x5644a9d7a700 (13 bytes)
1780739753.763846 sending message 112 to peer 0x5644a9d7a700 (13 bytes)
1780739753.763847 sending message 112 to peer 0x5644a9d7a700 (13 bytes)
1780739753.763849 sending message 112 to peer 0x5644a9d7a700 (13 bytes)
1780739753.763850 sending message 112 to peer 0x5644a9d7a700 (13 bytes)
1780739753.763852 sending message 112 to peer 0x5644a9d7a700 (13 bytes)
1780739753.763853 sending message 112 to peer 0x5644a9d7a700 (13 bytes)
1780739753.763855 sending message 112 to peer 0x5644a9d7a700 (13 bytes)
1780739753.763856 sending message 112 to peer 0x5644a9d7a700 (12 bytes)
1780739753.763857 sending message 112 to peer 0x5644a9d7a700 (10 bytes)
1780739753.763859 sending message 112 to peer 0x5644a9d7a700 (12 bytes)
1780739753.763861 sending message 112 to peer 0x5644a9d7a700 (12 bytes)
1780739753.763862 sending message 112 to peer 0x5644a9d7a700 (12 bytes)
1780739753.763864 sending message 112 to peer 0x5644a9d7a700 (13 bytes)
1780739753.763865 sending message 112 to peer 0x5644a9d7a700 (13 bytes)
1780739753.763867 sending message 112 to peer 0x5644a9d7a700 (13 bytes)
1780739753.763868 sending message 112 to peer 0x5644a9d7a700 (13 bytes)
1780739753.763869 sending message 112 to peer 0x5644a9d7a700 (13 bytes)
1780739753.763871 sending message 112 to peer 0x5644a9d7a700 (13 bytes)
1780739753.763872 sending message 112 to peer 0x5644a9d7a700 (13 bytes)
1780739753.763874 sending message 112 to peer 0x5644a9d7a700 (10 bytes)
1780739753.763875 sending message 112 to peer 0x5644a9d7a700 (13 bytes)
1780739753.763877 sending message 112 to peer 0x5644a9d7a700 (12 bytes)
1780739753.763878 sending message 112 to peer 0x5644a9d7a700 (12 bytes)
1780739753.763880 sending message 112 to peer 0x5644a9d7a700 (12 bytes)
1780739753.763881 sending message 112 to peer 0x5644a9d7a700 (10 bytes)
1780739753.763883 sending message 112 to peer 0x5644a9d7a700 (10 bytes)
1780739753.763884 sending message 112 to peer 0x5644a9d7a700 (10 bytes)
1780739753.763886 sending message 112 to peer 0x5644a9d7a700 (12 bytes)
1780739753.763887 sending message 112 to peer 0x5644a9d7a700 (13 bytes)
1780739753.763889 sending message 112 to peer 0x5644a9d7a700 (13 bytes)
1780739753.763890 sending message 112 to peer 0x5644a9d7a700 (13 bytes)
1780739753.763892 sending message 112 to peer 0x5644a9d7a700 (13 bytes)
1780739753.763893 sending message 112 to peer 0x5644a9d7a700 (13 bytes)
1780739753.763894 sending message 112 to peer 0x5644a9d7a700 (10 bytes)
1780739753.763896 sending message 112 to peer 0x5644a9d7a700 (11 bytes)
1780739753.763897 sending message 112 to peer 0x5644a9d7a700 (12 bytes)
1780739753.763899 sending message 112 to peer 0x5644a9d7a700 (12 bytes)
1780739753.763900 sending message 112 to peer 0x5644a9d7a700 (12 bytes)
1780739753.763902 sending message 112 to peer 0x5644a9d7a700 (12 bytes)
1780739753.763903 sending message 112 to peer 0x5644a9d7a700 (12 bytes)
1780739753.763905 sending message 112 to peer 0x5644a9d7a700 (11 bytes)
1780739753.763906 sending message 112 to peer 0x5644a9d7a700 (12 bytes)
1780739753.763908 sending message 112 to peer 0x5644a9d7a700 (12 bytes)
1780739753.763909 sending message 112 to peer 0x5644a9d7a700 (13 bytes)
1780739753.763911 sending message 112 to peer 0x5644a9d7a700 (13 bytes)
1780739753.763912 sending message 112 to peer 0x5644a9d7a700 (13 bytes)
1780739753.763914 sending message 112 to peer 0x5644a9d7a700 (13 bytes)
1780739753.763915 sending message 112 to peer 0x5644a9d7a700 (13 bytes)
1780739753.763917 sending message 112 to peer 0x5644a9d7a700 (10 bytes)
1780739753.763918 sending message 112 to peer 0x5644a9d7a700 (9 bytes)
1780739753.763919 sending message 112 to peer 0x5644a9d7a700 (12 bytes)
1780739753.763921 sending message 112 to peer 0x5644a9d7a700 (13 bytes)
1780739753.763922 sending message 112 to peer 0x5644a9d7a700 (13 bytes)
1780739753.763924 sending message 112 to peer 0x5644a9d7a700 (13 bytes)
1780739753.763925 sending message 112 to peer 0x5644a9d7a700 (13 bytes)
1780739753.763927 sending message 112 to peer 0x5644a9d7a700 (13 bytes)
1780739753.763930 sending message 112 to peer 0x5644a9d7a700 (9 bytes)
1780739753.763931 sending message 112 to peer 0x5644a9d7a700 (12 bytes)
1780739753.763933 sending message 112 to peer 0x5644a9d7a700 (13 bytes)
1780739753.763934 sending message 112 to peer 0x5644a9d7a700 (13 bytes)
1780739753.763936 sending message 112 to peer 0x5644a9d7a700 (13 bytes)
1780739753.763937 sending message 112 to peer 0x5644a9d7a700 (13 bytes)
1780739753.763939 sending message 112 to peer 0x5644a9d7a700 (13 bytes)
1780739753.763940 sending message 112 to peer 0x5644a9d7a700 (11 bytes)
1780739753.763942 sending message 112 to peer 0x5644a9d7a700 (12 bytes)
1780739753.763943 sending message 112 to peer 0x5644a9d7a700 (13 bytes)
1780739753.763944 sending message 112 to peer 0x5644a9d7a700 (13 bytes)
1780739753.763946 sending message 112 to peer 0x5644a9d7a700 (13 bytes)
1780739753.763947 sending message 112 to peer 0x5644a9d7a700 (13 bytes)
1780739753.763949 sending message 112 to peer 0x5644a9d7a700 (13 bytes)
1780739753.763950 sending message 112 to peer 0x5644a9d7a700 (11 bytes)
1780739753.763952 sending message 112 to peer 0x5644a9d7a700 (12 bytes)
1780739753.763953 sending message 112 to peer 0x5644a9d7a700 (12 bytes)
1780739753.763955 sending message 112 to peer 0x5644a9d7a700 (12 bytes)
1780739753.763956 sending message 112 to peer 0x5644a9d7a700 (12 bytes)
1780739753.763957 sending message 112 to peer 0x5644a9d7a700 (12 bytes)
1780739753.763959 sending message 112 to peer 0x5644a9d7a700 (21 bytes)
1780739753.763960 sending message 112 to peer 0x5644a9d7a700 (12 bytes)
1780739753.763962 sending message 112 to peer 0x5644a9d7a700 (9 bytes)
1780739753.763964 sending message 112 to peer 0x5644a9d7a700 (6 bytes)
1780739753.763965 sending message 112 to peer 0x5644a9d7a700 (13 bytes)
1780739753.763966 sending message 112 to peer 0x5644a9d7a700 (10 bytes)
1780739753.763968 sending message 112 to peer 0x5644a9d7a700 (24 bytes)
1780739753.763969 sending message 112 to peer 0x5644a9d7a700 (13 bytes)
1780739753.763971 sending message 112 to peer 0x5644a9d7a700 (9 bytes)
1780739753.763972 sending message 112 to peer 0x5644a9d7a700 (70 bytes)
1780739753.763974 sending message 112 to peer 0x5644a9d7a700 (69 bytes)
1780739753.763975 sending message 112 to peer 0x5644a9d7a700 (12 bytes)
1780739753.763977 sending message 112 to peer 0x5644a9d7a700 (10 bytes)
1780739753.763978 sending message 112 to peer 0x5644a9d7a700 (10 bytes)
1780739753.763980 sending message 112 to peer 0x5644a9d7a700 (24 bytes)
1780739753.763981 sending message 112 to peer 0x5644a9d7a700 (13 bytes)
1780739753.763983 sending message 112 to peer 0x5644a9d7a700 (10 bytes)
1780739753.763984 sending message 112 to peer 0x5644a9d7a700 (10 bytes)
1780739753.763985 sending message 112 to peer 0x5644a9d7a700 (17 bytes)
1780739753.763987 sending message 112 to peer 0x5644a9d7a700 (10 bytes)
1780739753.763988 sending message 112 to peer 0x5644a9d7a700 (13 bytes)
1780739753.763990 sending message 112 to peer 0x5644a9d7a700 (9 bytes)
1780739753.763991 sending message 112 to peer 0x5644a9d7a700 (15 bytes)
1780739753.763993 sending message 112 to peer 0x5644a9d7a700 (5 bytes)
1780739753.763995 sending message 104 to peer 0x5644a9d7a700 (0 bytes)
1780739753.763997 sending message 110 to peer 0x5644a9d7a700 (0 bytes)
1780739753.763999 sending message 107 to peer 0x5644a9d7a700 (4 bytes)
1780739753.764001 sending message 105 to peer 0x5644a9d7a700 (39 bytes)
1780739753.764002 sending message 105 to peer 0x5644a9d7a700 (63 bytes)
1780739753.764004 sending message 105 to peer 0x5644a9d7a700 (35 bytes)
1780739753.764005 sending message 105 to peer 0x5644a9d7a700 (20 bytes)
1780739753.764007 sending message 105 to peer 0x5644a9d7a700 (54 bytes)
1780739753.764008 sending message 105 to peer 0x5644a9d7a700 (50 bytes)
1780739753.764010 sending message 105 to peer 0x5644a9d7a700 (25 bytes)
1780739753.764011 sending message 105 to peer 0x5644a9d7a700 (11 bytes)
1780739753.764013 sending message 105 to peer 0x5644a9d7a700 (23 bytes)
1780739753.764014 sending message 105 to peer 0x5644a9d7a700 (64 bytes)
1780739753.764017 sending message 105 to peer 0x5644a9d7a700 (15 bytes)
1780739753.764019 sending message 105 to peer 0x5644a9d7a700 (19 bytes)
1780739753.764020 sending message 105 to peer 0x5644a9d7a700 (38 bytes)
1780739753.764022 sending message 105 to peer 0x5644a9d7a700 (91 bytes)
1780739753.764023 sending message 105 to peer 0x5644a9d7a700 (17 bytes)
1780739753.764025 sending message 105 to peer 0x5644a9d7a700 (25 bytes)
1780739753.764026 sending message 105 to peer 0x5644a9d7a700 (12 bytes)
1780739753.764028 sending message 105 to peer 0x5644a9d7a700 (25 bytes)
1780739753.764029 sending message 105 to peer 0x5644a9d7a700 (15 bytes)
1780739753.764031 sending message 105 to peer 0x5644a9d7a700 (21 bytes)
1780739753.764032 sending message 105 to peer 0x5644a9d7a700 (50 bytes)
1780739753.764034 sending message 105 to peer 0x5644a9d7a700 (178 bytes)
1780739753.764036 sending message 105 to peer 0x5644a9d7a700 (27 bytes)
1780739753.764037 sending message 105 to peer 0x5644a9d7a700 (27 bytes)
1780739753.764039 sending message 105 to peer 0x5644a9d7a700 (20 bytes)
1780739753.764040 sending message 105 to peer 0x5644a9d7a700 (8 bytes)
1780739753.764041 sending message 105 to peer 0x5644a9d7a700 (15 bytes)
1780739753.764043 sending message 105 to peer 0x5644a9d7a700 (9 bytes)
1780739753.764044 sending message 105 to peer 0x5644a9d7a700 (26 bytes)
1780739753.764046 sending message 105 to peer 0x5644a9d7a700 (24 bytes)
1780739753.764047 sending message 105 to peer 0x5644a9d7a700 (26 bytes)
1780739753.764049 sending message 105 to peer 0x5644a9d7a700 (16 bytes)
1780739753.764050 sending message 105 to peer 0x5644a9d7a700 (20 bytes)
1780739753.764052 sending message 105 to peer 0x5644a9d7a700 (29 bytes)
1780739753.764053 sending message 105 to peer 0x5644a9d7a700 (118 bytes)
1780739753.764055 sending message 105 to peer 0x5644a9d7a700 (31 bytes)
1780739753.764056 sending message 105 to peer 0x5644a9d7a700 (15 bytes)
1780739753.764058 sending message 105 to peer 0x5644a9d7a700 (52 bytes)
1780739753.764059 sending message 105 to peer 0x5644a9d7a700 (23 bytes)
1780739753.764061 sending message 105 to peer 0x5644a9d7a700 (29 bytes)
1780739753.764062 sending message 105 to peer 0x5644a9d7a700 (17 bytes)
1780739753.764064 sending message 105 to peer 0x5644a9d7a700 (58 bytes)
1780739753.764066 sending message 105 to peer 0x5644a9d7a700 (25 bytes)
1780739753.764067 sending message 105 to peer 0x5644a9d7a700 (11 bytes)
1780739753.764068 sending message 105 to peer 0x5644a9d7a700 (16 bytes)
1780739753.764070 sending message 105 to peer 0x5644a9d7a700 (30 bytes)
1780739753.764071 sending message 105 to peer 0x5644a9d7a700 (33 bytes)
1780739753.764073 sending message 105 to peer 0x5644a9d7a700 (25 bytes)
1780739753.764074 sending message 105 to peer 0x5644a9d7a700 (25 bytes)
1780739753.764082 sending message 105 to peer 0x5644a9d7a700 (11 bytes)
1780739753.764083 sending message 105 to peer 0x5644a9d7a700 (8 bytes)
1780739753.764085 sending message 105 to peer 0x5644a9d7a700 (32 bytes)
1780739753.764086 sending message 105 to peer 0x5644a9d7a700 (1917 bytes)
1780739753.764090 sending message 105 to peer 0x5644a9d7a700 (12 bytes)
1780739753.764091 sending message 106 to peer 0x5644a9d7a700 (0 bytes)
1780739753.764125 sending message 200 to peer 0x5644a9d7a700 (4 bytes)
1780739753.764127 client loop enter
1780739753.766345 peer 0x5644a9d7a700 message 207
1780739753.766356 sending message 208 to peer 0x5644a9d7a700 (0 bytes)
1780739757.528640 peer 0x5644a9d7a700 message 203
1780739757.528651 sending message 205 to peer 0x5644a9d7a700 (0 bytes)
1780739757.528868 peer 0x5644a9d7a700 message 204
1780739757.528873 client loop exit
